[debug] [2023-08-14T07:27:27.432Z] ----------------------------------------------------------------------
[debug] [2023-08-14T07:27:27.435Z] Command:       C:\Program Files\nodejs\node.exe C:\Users\Cvetan Petkov\AppData\Roaming\npm\node_modules\firebase-tools\lib\bin\firebase.js deploy --debug
[debug] [2023-08-14T07:27:27.436Z] CLI Version:   12.4.7
[debug] [2023-08-14T07:27:27.436Z] Platform:      win32
[debug] [2023-08-14T07:27:27.437Z] Node Version:  v18.7.0
[debug] [2023-08-14T07:27:27.438Z] Time:          Mon Aug 14 2023 10:27:27 GMT+0300 (Източноевропейско лятно часово време)
[debug] [2023-08-14T07:27:27.438Z] ----------------------------------------------------------------------
[debug] 
[debug] [2023-08-14T07:27:27.459Z] >>> [apiv2][query] GET https://firebase-public.firebaseio.com/cli.json [none]
[debug] [2023-08-14T07:27:27.589Z] > command requires scopes: ["email","openid","https://www.googleapis.com/auth/cloudplatformprojects.readonly","https://www.googleapis.com/auth/firebase","https://www.googleapis.com/auth/cloud-platform"]
[debug] [2023-08-14T07:27:27.591Z] > authorizing via signed-in user (tsvetan46@gmail.com)
[debug] [2023-08-14T07:27:27.591Z] [iam] checking project danddragons-9f9de for permissions ["firebase.projects.get","firebasehosting.sites.update"]
[debug] [2023-08-14T07:27:27.592Z] > refreshing access token with scopes: []
[debug] [2023-08-14T07:27:27.594Z] >>> [apiv2][query] POST https://www.googleapis.com/oauth2/v3/token [none]
[debug] [2023-08-14T07:27:27.594Z] >>> [apiv2][body] POST https://www.googleapis.com/oauth2/v3/token [omitted]
[debug] [2023-08-14T07:27:27.732Z] <<< [apiv2][status] POST https://www.googleapis.com/oauth2/v3/token 200
[debug] [2023-08-14T07:27:27.733Z] <<< [apiv2][body] POST https://www.googleapis.com/oauth2/v3/token [omitted]
[debug] [2023-08-14T07:27:27.906Z] >>> [apiv2][query] POST https://cloudresourcemanager.googleapis.com/v1/projects/danddragons-9f9de:testIamPermissions [none]
[debug] [2023-08-14T07:27:27.908Z] >>> [apiv2][(partial)header] POST https://cloudresourcemanager.googleapis.com/v1/projects/danddragons-9f9de:testIamPermissions x-goog-quota-user=projects/danddragons-9f9de
[debug] [2023-08-14T07:27:27.909Z] >>> [apiv2][body] POST https://cloudresourcemanager.googleapis.com/v1/projects/danddragons-9f9de:testIamPermissions {"permissions":["firebase.projects.get","firebasehosting.sites.update"]}
[debug] [2023-08-14T07:27:28.062Z] <<< [apiv2][status] GET https://firebase-public.firebaseio.com/cli.json 200
[debug] [2023-08-14T07:27:28.062Z] <<< [apiv2][body] GET https://firebase-public.firebaseio.com/cli.json {"cloudBuildErrorAfter":1594252800000,"cloudBuildWarnAfter":1590019200000,"defaultNode10After":1594252800000,"minVersion":"3.0.5","node8DeploysDisabledAfter":1613390400000,"node8RuntimeDisabledAfter":1615809600000,"node8WarnAfter":1600128000000}
[debug] [2023-08-14T07:27:28.795Z] <<< [apiv2][status] POST https://cloudresourcemanager.googleapis.com/v1/projects/danddragons-9f9de:testIamPermissions 200
[debug] [2023-08-14T07:27:28.797Z] <<< [apiv2][body] POST https://cloudresourcemanager.googleapis.com/v1/projects/danddragons-9f9de:testIamPermissions {"permissions":["firebase.projects.get","firebasehosting.sites.update"]}
[debug] [2023-08-14T07:27:28.802Z] >>> [apiv2][query] GET https://firebase.googleapis.com/v1beta1/projects/danddragons-9f9de [none]
[debug] [2023-08-14T07:27:29.119Z] <<< [apiv2][status] GET https://firebase.googleapis.com/v1beta1/projects/danddragons-9f9de 200
[debug] [2023-08-14T07:27:29.120Z] <<< [apiv2][body] GET https://firebase.googleapis.com/v1beta1/projects/danddragons-9f9de {"projectId":"danddragons-9f9de","projectNumber":"935993487799","displayName":"danddragons","name":"projects/danddragons-9f9de","resources":{"hostingSite":"danddragons-9f9de","storageBucket":"danddragons-9f9de.appspot.com","locationId":"europe-west"},"state":"ACTIVE","etag":"1_0e5e4e04-31e0-4349-ac22-89b877e0c5fd"}
[info] 
[info] === Deploying to 'danddragons-9f9de'...
[info] 
[info] i  deploying hosting 
[debug] [2023-08-14T07:27:29.127Z] >>> [apiv2][query] POST https://firebasehosting.googleapis.com/v1beta1/projects/-/sites/danddragons-9f9de/versions [none]
[debug] [2023-08-14T07:27:29.127Z] >>> [apiv2][body] POST https://firebasehosting.googleapis.com/v1beta1/projects/-/sites/danddragons-9f9de/versions {"status":"CREATED","labels":{"deployment-tool":"cli-firebase"}}
[debug] [2023-08-14T07:27:30.348Z] <<< [apiv2][status] POST https://firebasehosting.googleapis.com/v1beta1/projects/-/sites/danddragons-9f9de/versions 200
[debug] [2023-08-14T07:27:30.349Z] <<< [apiv2][body] POST https://firebasehosting.googleapis.com/v1beta1/projects/-/sites/danddragons-9f9de/versions {"name":"projects/935993487799/sites/danddragons-9f9de/versions/6cd72db9490e04db","status":"CREATED","config":{},"labels":{"deployment-tool":"cli-firebase"}}
[info] i  hosting[danddragons-9f9de]: beginning deploy... 
[info] i  hosting[danddragons-9f9de]: found 82 files in build 
[debug] [2023-08-14T07:27:30.371Z] [hosting] uploading with 200 concurrency
[debug] [2023-08-14T07:27:31.274Z] [hosting] hash cache [YnVpbGQ] stored for 82 files
[debug] [2023-08-14T07:27:31.275Z] [hosting][hash queue][FINAL] {"max":885,"min":7,"avg":236.0487804878049,"active":0,"complete":82,"success":82,"errored":0,"retried":0,"total":82,"elapsed":903}
[debug] [2023-08-14T07:27:31.276Z] >>> [apiv2][query] POST https://firebasehosting.googleapis.com/v1beta1/projects/935993487799/sites/danddragons-9f9de/versions/6cd72db9490e04db:populateFiles [none]
[debug] [2023-08-14T07:27:31.276Z] >>> [apiv2][body] POST https://firebasehosting.googleapis.com/v1beta1/projects/935993487799/sites/danddragons-9f9de/versions/6cd72db9490e04db:populateFiles {"files":{"/favico.ico":"a449019740023c90c0498e0fdb35fc591cf34a14ef6c0c40acddcaa063e36dfc\r","/logo192.png":"3ee59515172ee198f3be375979df15ac5345183e656720a381b8872b2a39dc8b\r","/logo512.png":"ee7e2f3fdb8209c4b6fd7bef6ba50d1b9dba30a25bb5c3126df057e1cb6f5331\r","/manifest.json":"5c997de1364b8be939319fa9209abd77f2caf7f8844999a9e2e9173f844e7840\r","/robots.txt":"b2090cf9761ef60aa06e4fab97679bd43dfa5e5df073701ead5879d7c68f1ec5\r","/root.css":"1f09bd5858df4c27e03926b59748570de0ef799daed6c626221cc180b969a915\r","/img/aberration.jpg":"78128de384d471b0fbb42ad8c8d68e472c786f2f40dcec96c45c56fa2a91e948\r","/img/beast.jpg":"0e7442cc730aaf5ed5be854cab1eb65147ef6e46e4dea46d2932d525bfc727a7\r","/img/celestial.jpg":"ed1bc4f721603f8f707ec5c14b855ab965370770f3b6afa7a6d254573e301cd4\r","/img/construct.jpg":"9d164f520468ae20793b55f6430bfc6fba39cd307e50b98a7f9e85f8af92b875\r","/img/dragon.jpg":"0150ef1ace83239bc8617fcdad7f54a0682ab6af98efbeabfa5d20026ce6e76a\r","/img/elemental.jpg":"2c8820f3e2f98f4bbea479f552ab28a32e8c856c035a77f4daa0369389bb9551\r","/img/fey.jpg":"a1d46b7279a9db4ee361cbc3fef581d34a5a148bdef96db627cbe0f364cece42\r","/img/fiend.jpg":"16d3531c12e57fdaeedacbb20cbd115b0c01c600fe1c586807b56c6138fd760e\r","/img/giant.jpg":"539bc6a6f4a16cff3fe256085a16aa74fd7a7b8a1bfebf867501ed3990e15335\r","/img/humanoid.jpg":"34942e5230f21b31f6c92237878e515d7622ace6bfd3f4cb3b2463f6ff2d3596\r","/img/monstrosity.jpg":"9dc5f5a0947ad61c32bb4c9f4527a789a9153cd47f61c9cf51235916207324b9\r","/img/ooze.jpg":"bec360375607e4d19ac0c306704b2de3a902be8c1604c6f837d8d184c6dab332\r","/img/plant.jpg":"4f06033f89e92c8ed5ea3581989b1a82e7f1a1225e0b89ee720f58af844505ca\r","/img/red_x_mark.png":"9fb9c1b2f36e0c0af1deaf5a76cc12db7bcb22fd6187883d4f4dc29190d4f262\r","/img/undead.jpg":"88a2a52ba78a5866e31f0e567d0a92d85c14f39842410bd1929c38a0bf8449cd\r","/asset-manifest.json":"69e638b89fd4f7d35455cc176d0c2982c18ede1f1779e80a6d7603579f295b27","/index.html":"a310cf079caac18475eaa9d213d6bcd7e1c1a8eef76c2a84060c221e55bad8b6","/static/css/211.06cacbfe.chunk.css":"a341a044600def3dece2d3ff0c8a2ba9d7341f8a82a2540c4f645938c2c9ca4a","/static/css/349.2c4f22b0.chunk.css":"bc3db32c64630d70c81d24a1003efe6bd9984939530dbbe9ebde22f5c95cd3fe","/static/css/287.56cfd253.chunk.css":"883025b0b682d061d6e8d9ce4b93b439ff048e4baeca470389bf196b183d1e22","/static/css/358.a85b1f32.chunk.css":"8df309c9c17dad6ecb94c22cf9037da8a582d99c960ea47b1fb4571e506a9d07","/static/css/358.a85b1f32.chunk.css.map":"4357c52b5ce9255c2fb81fd998322e4e3d29dd72a25801d0a41b4791031b8a9b","/static/css/565.ee88715d.chunk.css":"dd06cc58754096acfe7b83449f7270defbd5d4ee428b7759fe989291e676676b","/static/css/522.6ed64b13.chunk.css":"fda9fcac48dad5896bb2f8d6d4f608a8844b43155850a7770ec6b1d0801c4e03","/static/css/581.2c4f22b0.chunk.css":"e1014b5be09793789418f9ff1d701af0d7f385ece3f58e348b94c99715f010d1","/static/css/565.ee88715d.chunk.css.map":"495f64f9df8f310f481cb22f3c51fed7e2543ea73cd33e38fe8acabe82cbe34b","/static/css/522.6ed64b13.chunk.css.map":"63e11148b654f261e5d25ba4d3ecd34c9c81fe0e824638fd7d4cd72923192ea5","/static/css/287.56cfd253.chunk.css.map":"f69f73fd9c3fa2d40318c55348997e511c6208c55a8c11cab0aa0f607e1913c6","/static/css/211.06cacbfe.chunk.css.map":"cbb11fefcf044341dd50cabc2f74eb9fee8a4d29b2c9b9e55d2b9a41f4cb34e6","/static/css/996.3347801f.chunk.css":"9c3defc2bba6d62e4e44a95f1fa597c99b49473dfc400e22924f5f442b351e00","/static/css/581.2c4f22b0.chunk.css.map":"107247029e0756ade1bb5169fa3fe1d4f44428b9bd52e03a82045c7a904d2bc4","/static/css/349.2c4f22b0.chunk.css.map":"d659ffb5a39fc2f350d465bfc72e9c66d14e14b6a3744a56ab4a1a92afcceb86","/static/css/996.3347801f.chunk.css.map":"8de2634f9ed11295677a7223212a56b2daba069961df4f019fa05c6f0fa8d5d3","/static/js/211.568ad2cf.chunk.js":"362b6ffcc5952fef86cb3a6309b99281df027a95f4994aac1e5549fa41bf8723","/static/js/211.568ad2cf.chunk.js.map":"9a4b0863f39bc79c40b5222813b710adbe1c6a33dc9b205179339939822ebca6","/static/css/main.2a44b620.css":"abfc5d7986e1c170f32f9e483c3bbc8ee3dcc31e734baab9d4d5d051c3d47e99","/static/js/346.96b9230a.chunk.js.LICENSE.txt":"a9e39fdcff71bb4b7e9d7db51df24f25c6840e585feb05c399df213b49db2243","/static/css/main.2a44b620.css.map":"4479bdca24d17567ca3cbde2285f97394997e9258729ffb55cf122fe71bfc093","/static/js/287.e80b19e1.chunk.js.map":"b245a36994f7cabc2b96e6015e38c6efbeac71c0f9f97b9266d0e5d65da59838","/static/js/349.ac57d012.chunk.js.map":"379c91e3f3d61e816fa312f0c37b8c3b426f64d9a9921064c0576f47bf1c61bb","/static/js/358.6bd80956.chunk.js.map":"66cdae241357b6bbced77a9c148375a183c99be2734be894a9716bb10f8e8743","/static/js/349.ac57d012.chunk.js":"154db295ebc487d00ab2fafc0170e9ac094f0b8813c2508f0a0bdde7eeee3f87","/static/js/358.6bd80956.chunk.js":"a6fbab25fe536c004d2c6ba7af89f9cf7b5b24660203e0f4ac964b81be023192","/static/js/287.e80b19e1.chunk.js":"4ae60772d2b6f40fb3704b4d371c86c5ed3b9f41e3695a96c46079c66c12bdbd","/static/js/522.de489dc3.chunk.js":"1797363a1622ebd797259f28ac93f2b282a7a393a207e9ee32ffda9567aad48a","/static/js/565.d89ba456.chunk.js":"ae0416018039358ad797cd4e14ddeec47b7c189a95d9ceb1f83aad0620144c93","/static/js/522.de489dc3.chunk.js.map":"dbea7b5bd212d1ad7443e7d29f5b0c70bbe6b593712e53e9ae65ae5c9e9ead73","/static/js/703.0cda3a76.chunk.js.LICENSE.txt":"5d7e5b57938d46394ba5efca4f472d79b7221bc643cee649c4c4671e02100914","/static/js/565.d89ba456.chunk.js.map":"862b52d1df27cc28c1818fa401407cc5b56729654ceea9869d1b654a19fdf561","/static/js/581.cc358ea3.chunk.js.map":"8868f6add38d086eb2ed24b08db4e9a04d403030e40cdae952561a45438b64f2","/static/js/897.564cd9eb.chunk.js":"4379257b255860af5bdaae5c87481a8d7ed610b959f593e36791dffa8aaf0b67","/static/js/897.564cd9eb.chunk.js.map":"d6bebf63a59425f17d88a853d645c220fb1d66155b1d52d47c1dc9dc52fae1d6","/static/js/581.cc358ea3.chunk.js":"e88337ec14891e3b6fac6872aabb1509a85e9c292918c0f82654d67664e5a1d6","/static/js/996.f90d7964.chunk.js":"c409c31a6ec680aea6ecbf0444ec32ede0aa3e5676753d7a5efd82c5b47bc2d9","/static/js/main.22e075cd.js.LICENSE.txt":"2e1bcc0d8923e76c6110bb7facd38322f20aa9e32a374596dd48be5d8bb74571","/static/media/Brew.cdc8997003c902d89fd65771c6865328.svg":"3eef77ea62375d8eb8664b3197363831c404f9f7e6b6fed0ca8e3973e371b28d","/static/media/btn_google_light_normal_ios.5a2a885a2e0d6daba99626f09ce01ef8.svg":"90face453ed972da7558ebcbf6cb86ce42fe6b029bf96e1d856119064c611f14","/static/media/Build.f953065a5522e11136406c06213c7cc7.svg":"f628a40b514e31de16d81221de2d38aced6d6964576a8443b15fed6b5693653f","/static/js/996.f90d7964.chunk.js.map":"bff9111844da1a0a4f7215141ff9c138d34c6d67245deb9c838e77ec88bf4f4e","/static/js/346.96b9230a.chunk.js":"676dfc25e410162b1f504cac2c2fe7ced8f10adc9f60f635845a0ce882788ea9","/static/media/d20.dfb3eeeda6204fa49d6174723a4866f5.svg":"53204f85baa5b033916b7e8b33e16ce8a014e9a496b0171da1047d51f4b0318a","/static/media/encounter.3601430a7432974a8b51651c77bc65ea.svg":"91bc550e3e89ee6211bcab5c8e83cda6d974ffa99f325840f2b05fd60999a8cd","/static/media/Logout.e4f4bbf6a07515002349456697e8d384.svg":"f27c187ae6202c444cc73952680768d6babb4ef6b62e81efdaebeff3f9371d26","/static/media/Profile.416738f5885a1dcc5f5398198acf9110.svg":"515a01825abbb6462bdda4248cdff06502421e1d154a80eb7448e4d02b8bbfac","/static/media/Vote.d674b01b2671a7734f3ef32dc854bac4.svg":"14479d092428945de5cfb16cc73a4459dd2947e445d2749161b1638f843608a4","/static/media/green_check_mark.a03da16a3097c38b2a84.png":"f38a4ce93f69ea469e462052d6a1250bcc81a66519cc6126cd7587774ddeefff","/static/media/dnd4.31381d2834900cec7b57.jpg":"b913204d27d321bf574ec4255cf5e70da016fdfa7ac1d15714ad4ea4a20d28cd","/static/media/DNDlogo.fdb5b31d3883cdc32a99.png":"95f20406aa0711bead7461b3961d74147ec5d247047d01a88cc6655213eb295e","/static/js/346.96b9230a.chunk.js.map":"2ed4c5c33465a38cdbdf5f59013c840f2351af28762a9455f47f4c2ce4e517d7","/static/media/dnd1.0c3552b587d4abd28b6a.jpg":"c7c2176b149fe52cfdf1ea7145dbca1d332df2e3e56bd19730e103600bbfaf61","/static/media/dnd2.c4d7ec5bd0548b07caea.jpg":"6cba076df0103dca54eab3aba81a2caad2528b717af4d9367d8437332b6c4784","/static/media/dnd3.2a7e5323327c9891520e.jpg":"ee6cf3a6666681ec9562886e960d8a3905628441c1f1c5fcde3f2bc9acac33bb","/static/js/main.22e075cd.js":"7654501f097766cb3b8563c10ed30271165dd1adf3bf4fead830c8db053714b8","/static/js/703.0cda3a76.chunk.js":"036a3bfafe66f7f72c5755611eb3d86487a056950b51241492e80a7e66ca3946","/static/js/main.22e075cd.js.map":"48548a6509074b9e3b04c7dda57553293bb49c6130ba6ac7fbe6879764cb76b6","/static/js/703.0cda3a76.chunk.js.map":"5f438d667e5900ef9b1b00ff9d9f78c5881ebee033f89e076b96848de3da341c"}}
[debug] [2023-08-14T07:27:32.330Z] <<< [apiv2][status] POST https://firebasehosting.googleapis.com/v1beta1/projects/935993487799/sites/danddragons-9f9de/versions/6cd72db9490e04db:populateFiles 200
[debug] [2023-08-14T07:27:32.331Z] <<< [apiv2][body] POST https://firebasehosting.googleapis.com/v1beta1/projects/935993487799/sites/danddragons-9f9de/versions/6cd72db9490e04db:populateFiles {"uploadRequiredHashes":["4479bdca24d17567ca3cbde2285f97394997e9258729ffb55cf122fe71bfc093","48548a6509074b9e3b04c7dda57553293bb49c6130ba6ac7fbe6879764cb76b6","a310cf079caac18475eaa9d213d6bcd7e1c1a8eef76c2a84060c221e55bad8b6","69e638b89fd4f7d35455cc176d0c2982c18ede1f1779e80a6d7603579f295b27","abfc5d7986e1c170f32f9e483c3bbc8ee3dcc31e734baab9d4d5d051c3d47e99","7654501f097766cb3b8563c10ed30271165dd1adf3bf4fead830c8db053714b8"],"uploadUrl":"https://upload-firebasehosting.googleapis.com/upload/sites/danddragons-9f9de/versions/6cd72db9490e04db/files"}
[debug] [2023-08-14T07:27:32.337Z] >>> [apiv2][query] POST https://upload-firebasehosting.googleapis.com/upload/sites/danddragons-9f9de/versions/6cd72db9490e04db/files/4479bdca24d17567ca3cbde2285f97394997e9258729ffb55cf122fe71bfc093 [none]
[debug] [2023-08-14T07:27:32.338Z] >>> [apiv2][body] POST https://upload-firebasehosting.googleapis.com/upload/sites/danddragons-9f9de/versions/6cd72db9490e04db/files/4479bdca24d17567ca3cbde2285f97394997e9258729ffb55cf122fe71bfc093 [stream]
[debug] [2023-08-14T07:27:32.340Z] >>> [apiv2][query] POST https://upload-firebasehosting.googleapis.com/upload/sites/danddragons-9f9de/versions/6cd72db9490e04db/files/48548a6509074b9e3b04c7dda57553293bb49c6130ba6ac7fbe6879764cb76b6 [none]
[debug] [2023-08-14T07:27:32.341Z] >>> [apiv2][body] POST https://upload-firebasehosting.googleapis.com/upload/sites/danddragons-9f9de/versions/6cd72db9490e04db/files/48548a6509074b9e3b04c7dda57553293bb49c6130ba6ac7fbe6879764cb76b6 [stream]
[debug] [2023-08-14T07:27:32.344Z] >>> [apiv2][query] POST https://upload-firebasehosting.googleapis.com/upload/sites/danddragons-9f9de/versions/6cd72db9490e04db/files/a310cf079caac18475eaa9d213d6bcd7e1c1a8eef76c2a84060c221e55bad8b6 [none]
[debug] [2023-08-14T07:27:32.344Z] >>> [apiv2][body] POST https://upload-firebasehosting.googleapis.com/upload/sites/danddragons-9f9de/versions/6cd72db9490e04db/files/a310cf079caac18475eaa9d213d6bcd7e1c1a8eef76c2a84060c221e55bad8b6 [stream]
[debug] [2023-08-14T07:27:32.346Z] >>> [apiv2][query] POST https://upload-firebasehosting.googleapis.com/upload/sites/danddragons-9f9de/versions/6cd72db9490e04db/files/69e638b89fd4f7d35455cc176d0c2982c18ede1f1779e80a6d7603579f295b27 [none]
[debug] [2023-08-14T07:27:32.347Z] >>> [apiv2][body] POST https://upload-firebasehosting.googleapis.com/upload/sites/danddragons-9f9de/versions/6cd72db9490e04db/files/69e638b89fd4f7d35455cc176d0c2982c18ede1f1779e80a6d7603579f295b27 [stream]
[debug] [2023-08-14T07:27:32.349Z] >>> [apiv2][query] POST https://upload-firebasehosting.googleapis.com/upload/sites/danddragons-9f9de/versions/6cd72db9490e04db/files/abfc5d7986e1c170f32f9e483c3bbc8ee3dcc31e734baab9d4d5d051c3d47e99 [none]
[debug] [2023-08-14T07:27:32.349Z] >>> [apiv2][body] POST https://upload-firebasehosting.googleapis.com/upload/sites/danddragons-9f9de/versions/6cd72db9490e04db/files/abfc5d7986e1c170f32f9e483c3bbc8ee3dcc31e734baab9d4d5d051c3d47e99 [stream]
[debug] [2023-08-14T07:27:32.351Z] >>> [apiv2][query] POST https://upload-firebasehosting.googleapis.com/upload/sites/danddragons-9f9de/versions/6cd72db9490e04db/files/7654501f097766cb3b8563c10ed30271165dd1adf3bf4fead830c8db053714b8 [none]
[debug] [2023-08-14T07:27:32.352Z] >>> [apiv2][body] POST https://upload-firebasehosting.googleapis.com/upload/sites/danddragons-9f9de/versions/6cd72db9490e04db/files/7654501f097766cb3b8563c10ed30271165dd1adf3bf4fead830c8db053714b8 [stream]
[debug] [2023-08-14T07:27:32.354Z] [hosting][populate queue][FINAL] {"max":1065,"min":1065,"avg":1065,"active":0,"complete":1,"success":1,"errored":0,"retried":0,"total":1,"elapsed":1082}
[debug] [2023-08-14T07:27:32.354Z] [hosting] uploads queued: 6
[info] i  hosting: uploading new files [0/6] (0%) 
[debug] [2023-08-14T07:27:33.332Z] <<< [apiv2][status] POST https://upload-firebasehosting.googleapis.com/upload/sites/danddragons-9f9de/versions/6cd72db9490e04db/files/4479bdca24d17567ca3cbde2285f97394997e9258729ffb55cf122fe71bfc093 200
[debug] [2023-08-14T07:27:33.334Z] <<< [apiv2][body] POST https://upload-firebasehosting.googleapis.com/upload/sites/danddragons-9f9de/versions/6cd72db9490e04db/files/4479bdca24d17567ca3cbde2285f97394997e9258729ffb55cf122fe71bfc093 [stream]
[debug] [2023-08-14T07:27:33.336Z] <<< [apiv2][status] POST https://upload-firebasehosting.googleapis.com/upload/sites/danddragons-9f9de/versions/6cd72db9490e04db/files/abfc5d7986e1c170f32f9e483c3bbc8ee3dcc31e734baab9d4d5d051c3d47e99 200
[debug] [2023-08-14T07:27:33.337Z] <<< [apiv2][body] POST https://upload-firebasehosting.googleapis.com/upload/sites/danddragons-9f9de/versions/6cd72db9490e04db/files/abfc5d7986e1c170f32f9e483c3bbc8ee3dcc31e734baab9d4d5d051c3d47e99 [stream]
[debug] [2023-08-14T07:27:33.366Z] <<< [apiv2][status] POST https://upload-firebasehosting.googleapis.com/upload/sites/danddragons-9f9de/versions/6cd72db9490e04db/files/69e638b89fd4f7d35455cc176d0c2982c18ede1f1779e80a6d7603579f295b27 200
[debug] [2023-08-14T07:27:33.367Z] <<< [apiv2][body] POST https://upload-firebasehosting.googleapis.com/upload/sites/danddragons-9f9de/versions/6cd72db9490e04db/files/69e638b89fd4f7d35455cc176d0c2982c18ede1f1779e80a6d7603579f295b27 [stream]
[debug] [2023-08-14T07:27:33.377Z] <<< [apiv2][status] POST https://upload-firebasehosting.googleapis.com/upload/sites/danddragons-9f9de/versions/6cd72db9490e04db/files/a310cf079caac18475eaa9d213d6bcd7e1c1a8eef76c2a84060c221e55bad8b6 200
[debug] [2023-08-14T07:27:33.377Z] <<< [apiv2][body] POST https://upload-firebasehosting.googleapis.com/upload/sites/danddragons-9f9de/versions/6cd72db9490e04db/files/a310cf079caac18475eaa9d213d6bcd7e1c1a8eef76c2a84060c221e55bad8b6 [stream]
[debug] [2023-08-14T07:27:33.483Z] <<< [apiv2][status] POST https://upload-firebasehosting.googleapis.com/upload/sites/danddragons-9f9de/versions/6cd72db9490e04db/files/7654501f097766cb3b8563c10ed30271165dd1adf3bf4fead830c8db053714b8 200
[debug] [2023-08-14T07:27:33.484Z] <<< [apiv2][body] POST https://upload-firebasehosting.googleapis.com/upload/sites/danddragons-9f9de/versions/6cd72db9490e04db/files/7654501f097766cb3b8563c10ed30271165dd1adf3bf4fead830c8db053714b8 [stream]
[debug] [2023-08-14T07:27:33.503Z] <<< [apiv2][status] POST https://upload-firebasehosting.googleapis.com/upload/sites/danddragons-9f9de/versions/6cd72db9490e04db/files/48548a6509074b9e3b04c7dda57553293bb49c6130ba6ac7fbe6879764cb76b6 200
[debug] [2023-08-14T07:27:33.504Z] <<< [apiv2][body] POST https://upload-firebasehosting.googleapis.com/upload/sites/danddragons-9f9de/versions/6cd72db9490e04db/files/48548a6509074b9e3b04c7dda57553293bb49c6130ba6ac7fbe6879764cb76b6 [stream]
[debug] [2023-08-14T07:27:33.505Z] [hosting][upload queue][FINAL] {"max":1169,"min":1000,"avg":1065,"active":0,"complete":6,"success":6,"errored":0,"retried":0,"total":6,"elapsed":1171}
[info] i  hosting: upload complete 
[info] +  hosting[danddragons-9f9de]: file upload complete 
[debug] [2023-08-14T07:27:33.506Z] [hosting] deploy completed after 3156ms
[debug] [2023-08-14T07:27:33.506Z] [
  {
    "config": {
      "public": "build",
      "ignore": [
        "firebase.json",
        "**/.*",
        "**/node_modules/**"
      ],
      "rewrites": [
        {
          "source": "**",
          "destination": "/index.html"
        }
      ],
      "site": "danddragons-9f9de"
    },
    "version": "projects/935993487799/sites/danddragons-9f9de/versions/6cd72db9490e04db"
  }
]
[info] i  hosting[danddragons-9f9de]: finalizing version... 
[debug] [2023-08-14T07:27:33.511Z] >>> [apiv2][query] PATCH https://firebasehosting.googleapis.com/v1beta1/projects/-/sites/danddragons-9f9de/versions/6cd72db9490e04db updateMask=status%2Cconfig
[debug] [2023-08-14T07:27:33.511Z] >>> [apiv2][body] PATCH https://firebasehosting.googleapis.com/v1beta1/projects/-/sites/danddragons-9f9de/versions/6cd72db9490e04db {"status":"FINALIZED","config":{"rewrites":[{"glob":"**","path":"/index.html"}]}}
[debug] [2023-08-14T07:27:34.425Z] <<< [apiv2][status] PATCH https://firebasehosting.googleapis.com/v1beta1/projects/-/sites/danddragons-9f9de/versions/6cd72db9490e04db 200
[debug] [2023-08-14T07:27:34.425Z] <<< [apiv2][body] PATCH https://firebasehosting.googleapis.com/v1beta1/projects/-/sites/danddragons-9f9de/versions/6cd72db9490e04db {"name":"projects/935993487799/sites/danddragons-9f9de/versions/6cd72db9490e04db","status":"FINALIZED","config":{"rewrites":[{"glob":"**","path":"/index.html"}]},"labels":{"deployment-tool":"cli-firebase"},"createTime":"2023-08-14T07:27:33.012280Z","createUser":{"email":"Tsvetan46@gmail.com"},"finalizeTime":"2023-08-14T07:27:37.366481Z","finalizeUser":{"email":"Tsvetan46@gmail.com"}}
[debug] [2023-08-14T07:27:34.426Z] [hosting] finalized version for danddragons-9f9de:[object Object]
[info] +  hosting[danddragons-9f9de]: version finalized 
[info] i  hosting[danddragons-9f9de]: releasing new version... 
[debug] [2023-08-14T07:27:34.427Z] >>> [apiv2][query] POST https://firebasehosting.googleapis.com/v1beta1/projects/-/sites/danddragons-9f9de/channels/live/releases versionName=projects%2F935993487799%2Fsites%2Fdanddragons-9f9de%2Fversions%2F6cd72db9490e04db
[debug] [2023-08-14T07:27:34.427Z] >>> [apiv2][body] POST https://firebasehosting.googleapis.com/v1beta1/projects/-/sites/danddragons-9f9de/channels/live/releases {}
[debug] [2023-08-14T07:27:35.470Z] <<< [apiv2][status] POST https://firebasehosting.googleapis.com/v1beta1/projects/-/sites/danddragons-9f9de/channels/live/releases 200
[debug] [2023-08-14T07:27:35.470Z] <<< [apiv2][body] POST https://firebasehosting.googleapis.com/v1beta1/projects/-/sites/danddragons-9f9de/channels/live/releases {"name":"projects/935993487799/sites/danddragons-9f9de/channels/live/releases/1691998057841000","version":{"name":"projects/935993487799/sites/danddragons-9f9de/versions/6cd72db9490e04db","status":"FINALIZED","config":{"rewrites":[{"glob":"**","path":"/index.html"}]},"labels":{"deployment-tool":"cli-firebase"},"createTime":"2023-08-14T07:27:33.012280Z","createUser":{"email":"Tsvetan46@gmail.com","imageUrl":"https://lh3.googleusercontent.com/a/AAcHTtfG81aEyfeXVqtdRoarFQT_RAHOdlnh4kINAj0DLqvP=mo"},"finalizeTime":"2023-08-14T07:27:37.366481Z","finalizeUser":{"email":"Tsvetan46@gmail.com","imageUrl":"https://lh3.googleusercontent.com/a/AAcHTtfG81aEyfeXVqtdRoarFQT_RAHOdlnh4kINAj0DLqvP=mo"}},"type":"DEPLOY","releaseTime":"2023-08-14T07:27:37.841Z","releaseUser":{"email":"Tsvetan46@gmail.com","imageUrl":"https://lh3.googleusercontent.com/a/AAcHTtfG81aEyfeXVqtdRoarFQT_RAHOdlnh4kINAj0DLqvP=mo"}}
[debug] [2023-08-14T07:27:35.471Z] [hosting] release: {"name":"projects/935993487799/sites/danddragons-9f9de/channels/live/releases/1691998057841000","version":{"name":"projects/935993487799/sites/danddragons-9f9de/versions/6cd72db9490e04db","status":"FINALIZED","config":{"rewrites":[{"glob":"**","path":"/index.html"}]},"labels":{"deployment-tool":"cli-firebase"},"createTime":"2023-08-14T07:27:33.012280Z","createUser":{"email":"Tsvetan46@gmail.com","imageUrl":"https://lh3.googleusercontent.com/a/AAcHTtfG81aEyfeXVqtdRoarFQT_RAHOdlnh4kINAj0DLqvP=mo"},"finalizeTime":"2023-08-14T07:27:37.366481Z","finalizeUser":{"email":"Tsvetan46@gmail.com","imageUrl":"https://lh3.googleusercontent.com/a/AAcHTtfG81aEyfeXVqtdRoarFQT_RAHOdlnh4kINAj0DLqvP=mo"}},"type":"DEPLOY","releaseTime":"2023-08-14T07:27:37.841Z","releaseUser":{"email":"Tsvetan46@gmail.com","imageUrl":"https://lh3.googleusercontent.com/a/AAcHTtfG81aEyfeXVqtdRoarFQT_RAHOdlnh4kINAj0DLqvP=mo"}}
[info] +  hosting[danddragons-9f9de]: release complete 
[info] 
[info] +  Deploy complete! 
[info] 
[info] Project Console: https://console.firebase.google.com/project/danddragons-9f9de/overview
[info] Hosting URL: https://danddragons-9f9de.web.app
